Arguments: 
  C:\Program Files\nodejs\node.exe C:\Program Files (x86)\Yarn\bin\yarn.js add moment@2.18.1

PATH: 
  C:\WINDOWS\system32;C:\WINDOWS;C:\WINDOWS\System32\Wbem;C:\WINDOWS\System32\WindowsPowerShell\v1.0\;C:\Program Files\nodejs\;C:\Program Files\dotnet\;C:\Program Files\Microsoft SQL Server\130\Tools\Binn\;C:\Program Files\Git\cmd;C:\Program Files\Microsoft\Web Platform Installer\;C:\Program Files\Java\jdk-12\bin;;C:\WINDOWS\System32\OpenSSH\;C:\Program Files (x86)\Yarn\bin\;C:\Users\User\AppData\Local\Microsoft\WindowsApps;C:\Users\User\AppData\Roaming\npm;C:\Users\User\AppData\Local\Programs\Microsoft VS Code\bin;C:\Users\User\AppData\Local\Yarn\bin

Yarn version: 
  1.17.3

Node version: 
  10.15.3

Platform: 
  win32 x64

Trace: 
  Error: EPERM: operation not permitted, unlink 'C:\Users\User\Documents\Estudos\js\react-courses\expensify-app\node_modules\node-sass\vendor\win32-x64-64\binding.node'

npm manifest: 
  {
    "name": "expensify",
    "version": "1.0.0",
    "description": "",
    "main": "index.js",
    "scripts": {
      "serve": "live-server public/",
      "build": "webpack",
      "dev-server": "webpack-dev-server"
    },
    "author": "Gabriel Campos",
    "license": "ISC",
    "dependencies": {
      "babel-cli": "^6.24.1",
      "babel-core": "^6.25.0",
      "babel-loader": "^7.1.1",
      "babel-plugin-transform-class-properties": "^6.24.1",
      "babel-plugin-transform-object-rest-spread": "^6.23.0",
      "babel-preset-env": "^1.5.2",
      "babel-preset-react": "^6.24.1",
      "css-loader": "^0.28.4",
      "live-server": "^1.2.1",
      "normalize.css": "^7.0.0",
      "react": "^16.0.0",
      "react-dom": "^16.0.0",
      "react-modal": "^2.2.2",
      "react-redux": "^5.0.5",
      "react-router-dom": "^5.0.1",
      "redux": "^3.7.2",
      "style-loader": "^0.18.2",
      "uuid": "^3.1.0",
      "validator": "^8.0.0",
      "webpack-dev-server": "^2.5.1"
    },
    "devDependencies": {
      "node-sass": "^4.12.0",
      "sass-loader": "^6.0.7",
      "webpack": "^3.12.0"
    }
  }

yarn manifest: 
  No manifest

Lockfile: 
  No lockfile
